<?xml version="1.0" encoding="UTF-8"?>
<testng-results ignored="0" total="1" passed="1" failed="0" skipped="0">
  <reporter-output>
    <line>
      <![CDATA[creatCustomer]]>
    </line>
  </reporter-output>
  <suite started-at="2024-01-02T19:30:24 IST" name="Default suite" finished-at="2024-01-02T19:30:24 IST" duration-ms="115">
    <groups>
    </groups>
    <test started-at="2024-01-02T19:30:24 IST" name="Default test" finished-at="2024-01-02T19:30:24 IST" duration-ms="115">
      <class name="com.actitime.TestScripts.CustomerModule">
        <test-method signature="creatcustomer()[pri:0, instance:com.actitime.TestScripts.CustomerModule@3527942a]" started-at="2024-01-02T19:30:24 IST" name="creatcustomer" finished-at="2024-01-02T19:30:24 IST" duration-ms="26" status="PASS">
          <reporter-output>
            <line>
              <![CDATA[creatCustomer]]>
            </line>
          </reporter-output>
        </test-method> <!-- creatcustomer -->
      </class> <!-- com.actitime.TestScripts.CustomerModule -->
    </test> <!-- Default test -->
  </suite> <!-- Default suite -->
</testng-results>
